<?xml version="1.0" encoding="utf-8"?><testsuites name="pytest tests"><testsuite name="pytest" errors="0" failures="1" skipped="0" tests="96" time="19.893" timestamp="2026-08-24T07:15:45.519014+00:00" hostname="agent-env-b1dc83c5-4d79-4043-89a8-09b313940112"><testcase classname="tests.test_auth.TestAuth" name="test_login_super_admin_sets_httponly_cookie" time="0.430" /><testcase classname="tests.test_auth.TestAuth" name="test_login_restaurant_admin_has_restaurant_id" time="0.326" /><testcase classname="tests.test_auth.TestAuth" name="test_login_customer" time="0.383" /><testcase classname="tests.test_auth.TestAuth" name="test_login_wrong_password" time="0.375" /><testcase classname="tests.test_auth.TestAuth" name="test_login_unknown_email" time="0.270" /><testcase classname="tests.test_auth.TestAuth" name="test_login_invalid_email_format_422" time="0.029" /><testcase classname="tests.test_auth.TestAuth" name="test_brute_force_lockout_after_5_fails" time="2.852"><failure message="AssertionError: No brute-force lockout: 6 failed logins returned [401, 401, 401, 401, 401, 401]&#10;assert (429 in [401, 401, 401, 401, 401, 401] or 423 in [401, 401, 401, 401, 401, 401])">E   AssertionError: No brute-force lockout: 6 failed logins returned [401, 401, 401, 401, 401, 401]
    assert (429 in [401, 401, 401, 401, 401, 401] or 423 in [401, 401, 401, 401, 401, 401])</failure></testcase><testcase classname="tests.test_orders.TestPlaceOrder" name="test_order_totals_and_commission" time="2.277" /><testcase classname="tests.test_orders.TestPlaceOrder" name="test_order_visible_in_my_orders" time="0.045" /><testcase classname="tests.test_orders.TestPlaceOrder" name="test_get_order_by_id" time="0.077" /><testcase classname="tests.test_orders.TestPlaceOrder" name="test_other_customer_cannot_read_order" time="0.901" /><testcase classname="tests.test_orders.TestPlaceOrder" name="test_place_order_requires_auth" time="0.376" /><testcase classname="tests.test_orders.TestPlaceOrder" name="test_restaurant_admin_cannot_place_order" time="1.092" /><testcase classname="tests.test_auth.TestAuth" name="test_register_and_me_and_logout" time="1.018" /><testcase classname="tests.test_orders.TestPlaceOrder" name="test_empty_cart_rejected" time="0.325" /><testcase classname="tests.test_orders.TestPlaceOrder" name="test_cross_restaurant_product_rejected" time="0.137" /><testcase classname="tests.test_orders.TestPlaceOrder" name="test_invalid_restaurant_rejected" time="0.038" /><testcase classname="tests.test_orders.TestOrderStatusFlowAndIsolation" name="test_order_appears_in_restaurant_admin" time="0.038" /><testcase classname="tests.test_auth.TestAuth" name="test_me_requires_auth" time="0.088" /><testcase classname="tests.test_orders.TestOrderStatusFlowAndIsolation" name="test_order_appears_in_super_admin" time="0.464" /><testcase classname="tests.test_auth.TestAuth" name="test_bcrypt_hash_format" time="0.121" /><testcase classname="tests.test_orders.TestOrderStatusFlowAndIsolation" name="test_other_restaurant_admin_cannot_see_order" time="0.840" /><testcase classname="tests.test_super_admin.TestSuperAdmin" name="test_dashboard" time="0.639" /><testcase classname="tests.test_super_admin.TestSuperAdmin" name="test_restaurants_with_stats" time="0.050" /><testcase classname="tests.test_super_admin.TestSuperAdmin" name="test_toggle_restaurant_active" time="0.266" /><testcase classname="tests.test_orders.TestOrderStatusFlowAndIsolation" name="test_other_restaurant_admin_cannot_update_status" time="0.038" /><testcase classname="tests.test_orders.TestOrderStatusFlowAndIsolation" name="test_full_status_progression" time="0.887" /><testcase classname="tests.test_super_admin.TestSuperAdmin" name="test_restaurant_stats_endpoint" time="0.109" /><testcase classname="tests.test_super_admin.TestSuperAdmin" name="test_customers_list_no_password" time="0.032" /><testcase classname="tests.test_super_admin.TestSuperAdmin" name="test_coupon_crud" time="0.766" /><testcase classname="tests.test_orders.TestOrderStatusFlowAndIsolation" name="test_invalid_status_rejected" time="0.031" /><testcase classname="tests.test_orders.TestOrderStatusFlowAndIsolation" name="test_status_update_on_missing_order" time="0.041" /><testcase classname="tests.test_orders.TestOrderStatusFlowAndIsolation" name="test_review_completed_order" time="0.102" /><testcase classname="tests.test_health.TestPublic" name="test_restaurants_list" time="0.031" /><testcase classname="tests.test_health.TestPublic" name="test_restaurant_detail_and_menu" time="0.182" /><testcase classname="tests.test_super_admin.TestSuperAdmin" name="test_settings_commission_update" time="0.231" /><testcase classname="tests.test_health.TestPublic" name="test_restaurant_404" time="0.073" /><testcase classname="tests.test_super_admin.TestSuperAdmin" name="test_create_restaurant_with_admin" time="1.110" /><testcase classname="tests.test_health.TestPublic" name="test_search" time="0.328" /><testcase classname="tests.test_health.TestPublic" name="test_offers_has_fudora50" time="0.032" /><testcase classname="tests.test_health.TestPublic" name="test_banners" time="0.069" /><testcase classname="tests.test_referral.TestReferralCode" name="test_me_referral_shape_and_stability" time="0.867" /><testcase classname="tests.test_referral.TestReferralCoupons" name="test_new_user_gets_welcome_coupon" time="1.463" /><testcase classname="tests.test_referral.TestReferralCoupons" name="test_referrer_gets_friend_coupon" time="0.030" /><testcase classname="tests.test_referral.TestReferralCoupons" name="test_referral_count_incremented" time="0.078" /><testcase classname="tests.test_referral.TestReferralCode" name="test_me_referral_requires_auth" time="0.167" /><testcase classname="tests.test_referral.TestReferralCoupons" name="test_personal_coupon_only_for_owner" time="0.193" /><testcase classname="tests.test_referral.TestReferralCode" name="test_super_admin_lazy_generates_code" time="0.503" /><testcase classname="tests.test_referral.TestReferralCoupons" name="test_personal_coupon_respects_min_order" time="0.392" /><testcase classname="tests.test_referral.TestReferralCoupons" name="test_personal_coupons_not_in_public_offers" time="0.149" /><testcase classname="tests.test_referral.TestReferralCode" name="test_restaurant_admin_lazy_generates_code" time="0.492" /><testcase classname="tests.test_auth.TestAuthProtection" name="test_protected_endpoints_reject_anonymous" time="2.480" /><testcase classname="tests.test_referral.TestReferralCode" name="test_new_signup_gets_own_code" time="0.386" /><testcase classname="tests.test_referral.TestReferralCode" name="test_invalid_referral_code_rejected" time="0.113" /><testcase classname="tests.test_iter4_location_categories.TestGeocode" name="test_reverse_sasaram" time="0.298" /><testcase classname="tests.test_iter4_location_categories.TestGeocode" name="test_reverse_mumbai" time="0.941" /><testcase classname="tests.test_iter4_location_categories.TestGeocode" name="test_search_patna" time="0.187" /><testcase classname="tests.test_iter4_location_categories.TestGeocode" name="test_search_short_query_no_5xx[]" time="0.074" /><testcase classname="tests.test_iter4_location_categories.TestGeocode" name="test_search_short_query_no_5xx[a]" time="0.032" /><testcase classname="tests.test_orders.TestCoupon" name="test_fudora50_caps_at_100" time="0.113" /><testcase classname="tests.test_auth.TestAuthProtection" name="test_customer_rejected_on_admin_endpoints" time="0.378" /><testcase classname="tests.test_orders.TestCoupon" name="test_fudora50_percentage_below_cap" time="0.043" /><testcase classname="tests.test_orders.TestCoupon" name="test_below_min_order_rejected" time="0.035" /><testcase classname="tests.test_orders.TestCoupon" name="test_invalid_coupon" time="0.044" /><testcase classname="tests.test_orders.TestCoupon" name="test_coupon_validate_requires_auth" time="0.088" /><testcase classname="tests.test_auth.TestAuthProtection" name="test_restaurant_admin_rejected_on_super_admin_endpoints" time="0.483" /><testcase classname="tests.test_restaurant_admin.TestRestaurantAdmin" name="test_restaurant_me" time="0.491" /><testcase classname="tests.test_restaurant_admin.TestRestaurantAdmin" name="test_analytics" time="0.043" /><testcase classname="tests.test_auth.TestAuthProtection" name="test_super_admin_rejected_on_restaurant_endpoints" time="0.327" /><testcase classname="tests.test_restaurant_admin.TestRestaurantAdmin" name="test_products_isolation" time="1.486" /><testcase classname="tests.test_auth.TestAuthProtection" name="test_invalid_token_rejected" time="0.135" /><testcase classname="tests.test_extras.TestUploadRBAC" name="test_upload_requires_auth" time="0.144" /><testcase classname="tests.test_extras.TestUploadRBAC" name="test_customer_upload_forbidden" time="0.040" /><testcase classname="tests.test_extras.TestUploadRBAC" name="test_restaurant_admin_upload_bad_mime_rejected" time="0.073" /><testcase classname="tests.test_extras.TestUploadRBAC" name="test_restaurant_admin_upload_png_ok" time="1.236" /><testcase classname="tests.test_restaurant_admin.TestRestaurantAdmin" name="test_category_crud" time="0.579" /><testcase classname="tests.test_extras.TestReviewRules" name="test_review_before_completion_rejected" time="0.210" /><testcase classname="tests.test_restaurant_admin.TestRestaurantAdmin" name="test_update_restaurant_profile" time="0.287" /><testcase classname="tests.test_extras.TestReviewRules" name="test_review_then_duplicate_and_rating_update" time="0.640" /><testcase classname="tests.test_iter4_location_categories.TestPlatformCategoryAdminCRUD" name="test_create_update_delete" time="0.241" /><testcase classname="tests.test_iter4_location_categories.TestPlatformCategoryAdminCRUD" name="test_non_super_admin_forbidden[customer_client]" time="0.234" /><testcase classname="tests.test_iter4_location_categories.TestPlatformCategoryAdminCRUD" name="test_non_super_admin_forbidden[royal_client]" time="0.148" /><testcase classname="tests.test_extras.TestReviewRules" name="test_review_rating_out_of_range_rejected" time="0.075" /><testcase classname="tests.test_extras.TestReviewRules" name="test_review_unknown_order_404" time="0.075" /><testcase classname="tests.test_iter4_location_categories.TestPlatformCategoryAdminCRUD" name="test_anonymous_forbidden" time="0.075" /><testcase classname="tests.test_extras.TestOrderLifecycleExtras" name="test_customer_can_cancel_pending_only" time="0.400" /><testcase classname="tests.test_extras.TestCommissionSettings" name="test_updated_commission_applies_to_new_orders" time="0.356" /><testcase classname="tests.test_extras.TestCommissionSettings" name="test_customer_cannot_change_settings" time="0.073" /><testcase classname="tests.test_extras.TestOrderLifecycleExtras" name="test_order_math_with_fudora50" time="0.107" /><testcase classname="tests.test_super_admin.TestCustomerExtras" name="test_address_crud" time="0.238" /><testcase classname="tests.test_iter4_location_categories.TestOffersNoPersonalLeak" name="test_offers_have_no_personal_coupons" time="0.034" /><testcase classname="tests.test_iter4_location_categories.TestOffersNoPersonalLeak" name="test_offers_leak_after_referral_coupons_exist" time="0.086" /><testcase classname="tests.test_iter4_location_categories.TestPlatformCategoriesPublic" name="test_list_returns_seeded_sorted" time="0.057" /><testcase classname="tests.test_super_admin.TestCustomerExtras" name="test_favourite_toggle" time="0.502" /><testcase classname="tests.test_extras.TestFavouritesPayload" name="test_restaurant_and_product_favourites_returned" time="0.704" /><testcase classname="tests.test_referral.TestOrderWithPersonalCoupon" name="test_order_uses_and_burns_personal_coupon" time="1.340" /></testsuite></testsuites>